This is pdfTeX, Version 3.141592653-2.6-1.40.22 (MiKTeX 21.6) (preloaded format=pdflatex 2021.7.25)  25 JUL 2021 16:51
entering extended mode
**./report.tex
(report.tex
LaTeX2e <2021-06-01>
L3 programming layer <2021-06-01>
(C:\Users\frecm\AppData\Local\Programs\MiKTeX\tex/latex/base\report.cls
Document Class: report 2021/02/12 v1.4n Standard LaTeX document class
(C:\Users\frecm\AppData\Local\Programs\MiKTeX\tex/latex/base\size10.clo
File: size10.clo 2021/02/12 v1.4n Standard LaTeX file (size option)
)
\c@part=\count182
\c@chapter=\count183
\c@section=\count184
\c@subsection=\count185
\c@subsubsection=\count186
\c@paragraph=\count187
\c@subparagraph=\count188
\c@figure=\count189
\c@table=\count190
\abovecaptionskip=\skip47
\belowcaptionskip=\skip48
\bibindent=\dimen138
)
(C:\Users\frecm\AppData\Local\Programs\MiKTeX\tex/latex/geometry\geometry.sty
Package: geometry 2020/01/02 v5.9 Page Geometry

(C:\Users\frecm\AppData\Local\Programs\MiKTeX\tex/latex/graphics\keyval.sty
Package: keyval 2014/10/28 v1.15 key=value parser (DPC)
\KV@toks@=\toks16
)
(C:\Users\frecm\AppData\Local\Programs\MiKTeX\tex/generic/iftex\ifvtex.sty
Package: ifvtex 2019/10/25 v1.7 ifvtex legacy package. Use iftex instead.

(C:\Users\frecm\AppData\Local\Programs\MiKTeX\tex/generic/iftex\iftex.sty
Package: iftex 2020/03/06 v1.0d TeX engine tests
))
\Gm@cnth=\count191
\Gm@cntv=\count192
\c@Gm@tempcnt=\count193
\Gm@bindingoffset=\dimen139
\Gm@wd@mp=\dimen140
\Gm@odd@mp=\dimen141
\Gm@even@mp=\dimen142
\Gm@layoutwidth=\dimen143
\Gm@layoutheight=\dimen144
\Gm@layouthoffset=\dimen145
\Gm@layoutvoffset=\dimen146
\Gm@dimlist=\toks17

(C:\Users\frecm\AppData\Local\Programs\MiKTeX\tex/latex/geometry\geometry.cfg))
(C:\Users\frecm\AppData\Local\Programs\MiKTeX\tex/latex/graphics\graphicx.sty
Package: graphicx 2020/12/05 v1.2c Enhanced LaTeX Graphics (DPC,SPQR)

(C:\Users\frecm\AppData\Local\Programs\MiKTeX\tex/latex/graphics\graphics.sty
Package: graphics 2021/03/04 v1.4d Standard LaTeX Graphics (DPC,SPQR)

(C:\Users\frecm\AppData\Local\Programs\MiKTeX\tex/latex/graphics\trig.sty
Package: trig 2016/01/03 v1.10 sin cos tan (DPC)
)
(C:\Users\frecm\AppData\Local\Programs\MiKTeX\tex/latex/graphics-cfg\graphics.c
fg
File: graphics.cfg 2016/06/04 v1.11 sample graphics configuration
)
Package graphics Info: Driver file: pdftex.def on input line 107.

(C:\Users\frecm\AppData\Local\Programs\MiKTeX\tex/latex/graphics-def\pdftex.def
File: pdftex.def 2020/10/05 v1.2a Graphics/color driver for pdftex
))
\Gin@req@height=\dimen147
\Gin@req@width=\dimen148
) (C:\Users\frecm\AppData\Local\Programs\MiKTeX\tex/latex/xcolor\xcolor.sty
Package: xcolor 2016/05/11 v2.12 LaTeX color extensions (UK)

(C:\Users\frecm\AppData\Local\Programs\MiKTeX\tex/latex/graphics-cfg\color.cfg
File: color.cfg 2016/01/02 v1.6 sample color configuration
)
Package xcolor Info: Driver file: pdftex.def on input line 225.
Package xcolor Info: Model `cmy' substituted by `cmy0' on input line 1348.
Package xcolor Info: Model `hsb' substituted by `rgb' on input line 1352.
Package xcolor Info: Model `RGB' extended on input line 1364.
Package xcolor Info: Model `HTML' substituted by `rgb' on input line 1366.
Package xcolor Info: Model `Hsb' substituted by `hsb' on input line 1367.
Package xcolor Info: Model `tHsb' substituted by `hsb' on input line 1368.
Package xcolor Info: Model `HSB' substituted by `hsb' on input line 1369.
Package xcolor Info: Model `Gray' substituted by `gray' on input line 1370.
Package xcolor Info: Model `wave' substituted by `hsb' on input line 1371.
) (C:\Users\frecm\AppData\Local\Programs\MiKTeX\tex/latex/base\fontenc.sty
Package: fontenc 2021/04/29 v2.0v Standard LaTeX package
)
(C:\Users\frecm\AppData\Local\Programs\MiKTeX\tex/latex/base\inputenc.sty
Package: inputenc 2021/02/14 v1.3d Input encoding file
\inpenc@prehook=\toks18
\inpenc@posthook=\toks19
)
(C:\Users\frecm\AppData\Local\Programs\MiKTeX\tex/latex/titlesec\titlesec.sty
Package: titlesec 2021/07/05 v2.14 Sectioning titles
\ttl@box=\box50
\beforetitleunit=\skip49
\aftertitleunit=\skip50
\ttl@plus=\dimen149
\ttl@minus=\dimen150
\ttl@toksa=\toks20
\titlewidth=\dimen151
\titlewidthlast=\dimen152
\titlewidthfirst=\dimen153
)
(C:\Users\frecm\AppData\Local\Programs\MiKTeX\tex/latex/subfig\subfig.sty
Package: subfig 2005/06/28 ver: 1.3 subfig package

(C:\Users\frecm\AppData\Local\Programs\MiKTeX\tex/latex/caption\caption.sty
Package: caption 2020/10/26 v3.5g Customizing captions (AR)

(C:\Users\frecm\AppData\Local\Programs\MiKTeX\tex/latex/caption\caption3.sty
Package: caption3 2020/10/21 v2.2e caption3 kernel (AR)
\captionmargin=\dimen154
\captionmargin@=\dimen155
\captionwidth=\dimen156
\caption@tempdima=\dimen157
\caption@indent=\dimen158
\caption@parindent=\dimen159
\caption@hangindent=\dimen160
Package caption Info: Standard document class detected.
)
\c@caption@flags=\count194
\c@continuedfloat=\count195
)
\c@KVtest=\count196
\sf@farskip=\skip51
\sf@captopadj=\dimen161
\sf@capskip=\skip52
\sf@nearskip=\skip53
\c@subfigure=\count197
\c@subfigure@save=\count198
\c@lofdepth=\count199
\c@subtable=\count266
\c@subtable@save=\count267
\c@lotdepth=\count268
\sf@top=\skip54
\sf@bottom=\skip55
) (C:\Users\frecm\AppData\Local\Programs\MiKTeX\tex/latex/amsmath\amsmath.sty
Package: amsmath 2021/04/20 v2.17j AMS math features
\@mathmargin=\skip56

For additional information on amsmath, use the `?' option.
(C:\Users\frecm\AppData\Local\Programs\MiKTeX\tex/latex/amsmath\amstext.sty
Package: amstext 2000/06/29 v2.01 AMS text

(C:\Users\frecm\AppData\Local\Programs\MiKTeX\tex/latex/amsmath\amsgen.sty
File: amsgen.sty 1999/11/30 v2.0 generic functions
\@emptytoks=\toks21
\ex@=\dimen162
))
(C:\Users\frecm\AppData\Local\Programs\MiKTeX\tex/latex/amsmath\amsbsy.sty
Package: amsbsy 1999/11/29 v1.2d Bold Symbols
\pmbraise@=\dimen163
)
(C:\Users\frecm\AppData\Local\Programs\MiKTeX\tex/latex/amsmath\amsopn.sty
Package: amsopn 2016/03/08 v2.02 operator names
)
\inf@bad=\count269
LaTeX Info: Redefining \frac on input line 234.
\uproot@=\count270
\leftroot@=\count271
LaTeX Info: Redefining \overline on input line 399.
\classnum@=\count272
\DOTSCASE@=\count273
LaTeX Info: Redefining \ldots on input line 496.
LaTeX Info: Redefining \dots on input line 499.
LaTeX Info: Redefining \cdots on input line 620.
\Mathstrutbox@=\box51
\strutbox@=\box52
\big@size=\dimen164
LaTeX Font Info:    Redeclaring font encoding OML on input line 743.
LaTeX Font Info:    Redeclaring font encoding OMS on input line 744.
\macc@depth=\count274
\c@MaxMatrixCols=\count275
\dotsspace@=\muskip16
\c@parentequation=\count276
\dspbrk@lvl=\count277
\tag@help=\toks22
\row@=\count278
\column@=\count279
\maxfields@=\count280
\andhelp@=\toks23
\eqnshift@=\dimen165
\alignsep@=\dimen166
\tagshift@=\dimen167
\tagwidth@=\dimen168
\totwidth@=\dimen169
\lineht@=\dimen170
\@envbody=\toks24
\multlinegap=\skip57
\multlinetaggap=\skip58
\mathdisplay@stack=\toks25
LaTeX Info: Redefining \[ on input line 2923.
LaTeX Info: Redefining \] on input line 2924.
)
(C:\Users\frecm\AppData\Local\Programs\MiKTeX\tex/latex/wrapfig\wrapfig.sty
\wrapoverhang=\dimen171
\WF@size=\dimen172
\c@WF@wrappedlines=\count281
\WF@box=\box53
\WF@everypar=\toks26
Package: wrapfig 2003/01/31  v 3.6
)
(C:\Users\frecm\AppData\Local\Programs\MiKTeX\tex/latex/l3backend\l3backend-pdf
tex.def
File: l3backend-pdftex.def 2021-05-07 L3 backend support: PDF output (pdfTeX)
\l__color_backend_stack_int=\count282
\l__pdf_internal_box=\box54
) (report.aux)
\openout1 = `report.aux'.

LaTeX Font Info:    Checking defaults for OML/cmm/m/it on input line 18.
LaTeX Font Info:    ... okay on input line 18.
LaTeX Font Info:    Checking defaults for OMS/cmsy/m/n on input line 18.
LaTeX Font Info:    ... okay on input line 18.
LaTeX Font Info:    Checking defaults for OT1/cmr/m/n on input line 18.
LaTeX Font Info:    ... okay on input line 18.
LaTeX Font Info:    Checking defaults for T1/cmr/m/n on input line 18.
LaTeX Font Info:    ... okay on input line 18.
LaTeX Font Info:    Checking defaults for TS1/cmr/m/n on input line 18.
LaTeX Font Info:    ... okay on input line 18.
LaTeX Font Info:    Checking defaults for OMX/cmex/m/n on input line 18.
LaTeX Font Info:    ... okay on input line 18.
LaTeX Font Info:    Checking defaults for U/cmr/m/n on input line 18.
LaTeX Font Info:    ... okay on input line 18.

*geometry* driver: auto-detecting
*geometry* detected driver: pdftex
*geometry* verbose mode - [ preamble ] result:
* driver: pdftex
* paper: a4paper
* layout: <same size as paper>
* layoutoffset:(h,v)=(0.0pt,0.0pt)
* bindingoffset: 14.22636pt
* modes: heightrounded 
* h-part:(L,W,R)=(71.13188pt, 441.01775pt, 71.13188pt)
* v-part:(T,H,B)=(56.9055pt, 731.23584pt, 56.9055pt)
* \paperwidth=597.50787pt
* \paperheight=845.04684pt
* \textwidth=441.01775pt
* \textheight=730.0pt
* \oddsidemargin=13.08826pt
* \evensidemargin=-1.1381pt
* \topmargin=-52.36449pt
* \headheight=12.0pt
* \headsep=25.0pt
* \topskip=10.0pt
* \footskip=30.0pt
* \marginparwidth=65.0pt
* \marginparsep=11.0pt
* \columnsep=10.0pt
* \skip\footins=9.0pt plus 4.0pt minus 2.0pt
* \hoffset=0.0pt
* \voffset=0.0pt
* \mag=1000
* \@twocolumnfalse
* \@twosidefalse
* \@mparswitchfalse
* \@reversemarginfalse
* (1in=72.27pt=25.4mm, 1cm=28.453pt)


(C:\Users\frecm\AppData\Local\Programs\MiKTeX\tex/context/base/mkii\supp-pdf.mk
ii
[Loading MPS to PDF converter (version 2006.09.02).]
\scratchcounter=\count283
\scratchdimen=\dimen173
\scratchbox=\box55
\nofMPsegments=\count284
\nofMParguments=\count285
\everyMPshowfont=\toks27
\MPscratchCnt=\count286
\MPscratchDim=\dimen174
\MPnumerator=\count287
\makeMPintoPDFobject=\count288
\everyMPtoPDFconversion=\toks28
)
(C:\Users\frecm\AppData\Local\Programs\MiKTeX\tex/latex/epstopdf-pkg\epstopdf-b
ase.sty
Package: epstopdf-base 2020-01-24 v2.11 Base part for package epstopdf
Package epstopdf-base Info: Redefining graphics rule for `.eps' on input line 4
85.

(C:\Users\frecm\AppData\Local\Programs\MiKTeX\tex/latex/00miktex\epstopdf-sys.c
fg
File: epstopdf-sys.cfg 2021/03/18 v2.0 Configuration of epstopdf for MiKTeX
))
Package caption Info: Begin \AtBeginDocument code.
Package caption Info: subfig package v1.3 is loaded.
Package caption Info: wrapfig package is loaded.
Package caption Info: End \AtBeginDocument code.
 [1

{C:/Users/frecm/AppData/Local/MiKTeX/pdftex/config/pdftex.map}] [1

]
Underfull \hbox (badness 10000) in paragraph at lines 38--42

 []


Underfull \hbox (badness 10000) in paragraph at lines 44--47

 []

[2

]
Underfull \hbox (badness 10000) in paragraph at lines 88--109

 []

[3] [4]
<./img/dt1.png, id=32, 103.38625pt x 103.38625pt>
File: ./img/dt1.png Graphic file (type png)
<use ./img/dt1.png>
Package pdftex.def Info: ./img/dt1.png  used on input line 155.
(pdftex.def)             Requested size: 103.38599pt x 103.38599pt.
<./img/dt2.png, id=34, 103.38625pt x 103.38625pt>
File: ./img/dt2.png Graphic file (type png)
<use ./img/dt2.png>
Package pdftex.def Info: ./img/dt2.png  used on input line 157.
(pdftex.def)             Requested size: 103.38599pt x 103.38599pt.

Underfull \hbox (badness 10000) in paragraph at lines 149--163

 []


Underfull \hbox (badness 10000) in paragraph at lines 149--163

 []


LaTeX Warning: `h' float specifier changed to `ht'.

[5

]
<./img/dt3.png, id=38, 130.98938pt x 91.84312pt>
File: ./img/dt3.png Graphic file (type png)
<use ./img/dt3.png>
Package pdftex.def Info: ./img/dt3.png  used on input line 173.
(pdftex.def)             Requested size: 130.98904pt x 91.84288pt.
 [6 <./img/dt1.png> <./img/dt2.png> <./img/dt3.png>]
<./img/pe.png, id=46, 202.7575pt x 328.72812pt>
File: ./img/pe.png Graphic file (type png)
<use ./img/pe.png>
Package pdftex.def Info: ./img/pe.png  used on input line 190.
(pdftex.def)             Requested size: 184.94893pt x 341.4378pt.

Overfull \hbox (19.29935pt too wide) in paragraph at lines 189--191
[]  [] 
 []


Underfull \hbox (badness 1975) in paragraph at lines 193--196
\T1/cmr/m/n/10 Following this prin-ci-ple, \T1/cmr/m/it/10 SON.java \T1/cmr/m/n
/10 con-tains the main
 []

<./img/wf.png, id=47, 435.6275pt x 464.73625pt>
File: ./img/wf.png Graphic file (type png)
<use ./img/wf.png>
Package pdftex.def Info: ./img/wf.png  used on input line 206.
(pdftex.def)             Requested size: 409.4899pt x 436.85213pt.
[7

 <./img/pe.png>] [8 <./img/wf.png>]
Underfull \hbox (badness 10000) in paragraph at lines 232--233

 []

<./img/alg1.png, id=56, 762.85pt x 327.2225pt>
File: ./img/alg1.png Graphic file (type png)
<use ./img/alg1.png>
Package pdftex.def Info: ./img/alg1.png  used on input line 234.
(pdftex.def)             Requested size: 381.42407pt x 163.61084pt.
<./img/alg2.png, id=57, 762.85pt x 296.10625pt>
File: ./img/alg2.png Graphic file (type png)
<use ./img/alg2.png>
Package pdftex.def Info: ./img/alg2.png  used on input line 236.
(pdftex.def)             Requested size: 381.42407pt x 148.05275pt.
[9 <./img/alg1.png>]
<./img/alg3.png, id=62, 762.85pt x 211.79124pt>
File: ./img/alg3.png Graphic file (type png)
<use ./img/alg3.png>
Package pdftex.def Info: ./img/alg3.png  used on input line 240.
(pdftex.def)             Requested size: 381.42407pt x 105.89536pt.
<./img/alg4.png, id=63, 762.85pt x 203.76125pt>
File: ./img/alg4.png Graphic file (type png)
<use ./img/alg4.png>
Package pdftex.def Info: ./img/alg4.png  used on input line 244.
(pdftex.def)             Requested size: 381.42407pt x 101.88037pt.
<./img/alg5.png, id=64, 762.85pt x 363.3575pt>
File: ./img/alg5.png Graphic file (type png)
<use ./img/alg5.png>
Package pdftex.def Info: ./img/alg5.png  used on input line 248.
(pdftex.def)             Requested size: 381.42407pt x 181.6783pt.

Overfull \hbox (15.0pt too wide) in paragraph at lines 238--249
[][] 
 []


Underfull \hbox (badness 10000) in paragraph at lines 238--249

 []


Underfull \hbox (badness 10000) in paragraph at lines 238--249

 []


Underfull \hbox (badness 10000) in paragraph at lines 238--249

 []


Underfull \hbox (badness 10000) in paragraph at lines 238--249

 []


Underfull \hbox (badness 10000) in paragraph at lines 238--249

 []

<./img/alg6.png, id=65, 762.85pt x 350.30875pt>
File: ./img/alg6.png Graphic file (type png)
<use ./img/alg6.png>
Package pdftex.def Info: ./img/alg6.png  used on input line 250.
(pdftex.def)             Requested size: 381.42407pt x 175.15395pt.
[10 <./img/alg2.png> <./img/alg3.png> <./img/alg4.png> <./img/alg5.png>]
<./img/alg7.png, id=73, 762.85pt x 201.75375pt>
File: ./img/alg7.png Graphic file (type png)
<use ./img/alg7.png>
Package pdftex.def Info: ./img/alg7.png  used on input line 254.
(pdftex.def)             Requested size: 381.42407pt x 100.87662pt.
<./img/alg8.png, id=74, 762.85pt x 197.73875pt>
File: ./img/alg8.png Graphic file (type png)
<use ./img/alg8.png>
Package pdftex.def Info: ./img/alg8.png  used on input line 258.
(pdftex.def)             Requested size: 381.42407pt x 98.86913pt.
<./img/alg9.png, id=75, 762.85pt x 354.32375pt>
File: ./img/alg9.png Graphic file (type png)
<use ./img/alg9.png>
Package pdftex.def Info: ./img/alg9.png  used on input line 262.
(pdftex.def)             Requested size: 381.42407pt x 177.16144pt.

Overfull \hbox (15.0pt too wide) in paragraph at lines 252--265
[][] 
 []


Underfull \hbox (badness 10000) in paragraph at lines 252--265

 []


Underfull \hbox (badness 10000) in paragraph at lines 252--265

 []


Underfull \hbox (badness 10000) in paragraph at lines 252--265

 []


Underfull \hbox (badness 10000) in paragraph at lines 252--265

 []


Underfull \hbox (badness 10000) in paragraph at lines 252--265

 []

[11 <./img/alg6.png> <./img/alg7.png> <./img/alg8.png> <./img/alg9.png>]
[12] [13] [14] [15] [16]
Overfull \hbox (15.0pt too wide) in paragraph at lines 582--583
[][] 
 []

[17]
Overfull \hbox (15.0pt too wide) in paragraph at lines 639--640
[][] 
 []


Overfull \hbox (1.48685pt too wide) in paragraph at lines 648--648
|\T1/cmr/bx/it/10 - pub-lic Recor-dReader<LongWritable, Text> cre-ateRe-cor-dRe
ader(InputSplit gener-ic-Split,
 []


Overfull \hbox (15.0pt too wide) in paragraph at lines 664--665
[][] 
 []

[18]
Overfull \hbox (3.22813pt too wide) in paragraph at lines 741--741
|\T1/cmr/bx/it/10 - pub-lic void ini-tial-ize(InputSplit gener-ic-split, TaskAt
-tempt-Con-text con-text) throws IOEx-
 []

[19]
Overfull \hbox (15.0pt too wide) in paragraph at lines 772--773
[][] 
 []

[20]
Overfull \hbox (6.844pt too wide) in paragraph at lines 845--845
|\T1/cmr/bx/it/10 - pri-vate void find-Fre-quen-tRe-cur-sive(HashMap<Long,List<
Long>> idxs, long count) throws
 []

[21] [22]
Overfull \hbox (15.0pt too wide) in paragraph at lines 955--956
[][] 
 []

[23]
Overfull \hbox (15.0pt too wide) in paragraph at lines 1027--1028
[][] 
 []

[24]
Overfull \hbox (4.28275pt too wide) in paragraph at lines 1100--1100
|\T1/cmr/bx/it/10 - pro-tected void re-duce(Text itm, It-er-able<LongWritable> 
counts, Con-text con-text) throws
 []

[25] [26]
<./img/-t.png, id=134, 758.835pt x 220.825pt>
File: ./img/-t.png Graphic file (type png)
<use ./img/-t.png>
Package pdftex.def Info: ./img/-t.png  used on input line 1131.
(pdftex.def)             Requested size: 447.70877pt x 130.28561pt.

Overfull \hbox (6.69102pt too wide) in paragraph at lines 1131--1132
 [][][] 
 []

<./img/-c.png, id=135, 754.82pt x 218.8175pt>
File: ./img/-c.png Graphic file (type png)
<use ./img/-c.png>
Package pdftex.def Info: ./img/-c.png  used on input line 1139.
(pdftex.def)             Requested size: 445.33995pt x 129.1012pt.

Overfull \hbox (4.3222pt too wide) in paragraph at lines 1139--1140
 [][][] 
 []

<./img/-r1.png, id=136, 755.82375pt x 225.84375pt>
File: ./img/-r1.png Graphic file (type png)
<use ./img/-r1.png>
Package pdftex.def Info: ./img/-r1.png  used on input line 1148.
(pdftex.def)             Requested size: 445.93214pt x 133.24664pt.

Overfull \hbox (4.9144pt too wide) in paragraph at lines 1148--1149
 [][][] 
 []

<./img/-r2.png, id=137, 756.8275pt x 224.84pt>
File: ./img/-r2.png Graphic file (type png)
<use ./img/-r2.png>
Package pdftex.def Info: ./img/-r2.png  used on input line 1155.
(pdftex.def)             Requested size: 446.52435pt x 132.65445pt.

Overfull \hbox (5.5066pt too wide) in paragraph at lines 1155--1156
 [][][] 
 []

[27

 <./img/-t.png>] [28 <./img/-c.png> <./img/-r1.png> <./img/-r2.png>]
<./img/son-ap.png, id=148, 363.3575pt x 115.43124pt>
File: ./img/son-ap.png Graphic file (type png)
<use ./img/son-ap.png>
Package pdftex.def Info: ./img/son-ap.png  used on input line 1175.
(pdftex.def)             Requested size: 218.01617pt x 69.25926pt.

[29 <./img/son-ap.png>] (report.aux) ) 
Here is how much of TeX's memory you used:
 5103 strings out of 478864
 77647 string characters out of 2848660
 400774 words of memory out of 3000000
 22964 multiletter control sequences out of 15000+600000
 422545 words of font info for 62 fonts, out of 8000000 for 9000
 1141 hyphenation exceptions out of 8191
 69i,14n,79p,1719b,401s stack positions out of 5000i,500n,10000p,200000b,80000s
 <C:\Users\frecm\AppData\Local\MiKTeX\fon
ts/pk/ljfour/jknappen/ec/dpi600\ecbx1200.pk> <C:\Users\frecm\AppData\Local\MiKT
eX\fonts/pk/ljfour/jknappen/ec/dpi600\ecrm0700.pk> <C:\Users\frecm\AppData\Loca
l\MiKTeX\fonts/pk/ljfour/jknappen/ec/dpi600\ecti0700.pk> <C:\Users\frecm\AppDat
a\Local\MiKTeX\fonts/pk/ljfour/jknappen/ec/dpi600\ecti1000.pk> <C:\Users\frecm\
AppData\Local\MiKTeX\fonts/pk/ljfour/jknappen/ec/dpi600\ecbi1000.pk> <C:\Users\
frecm\AppData\Local\MiKTeX\fonts/pk/ljfour/jknappen/ec/dpi600\ecbx1000.pk> <C:\
Users\frecm\AppData\Local\MiKTeX\fonts/pk/ljfour/jknappen/ec/dpi600\ecbx1440.pk
> <C:\Users\frecm\AppData\Local\MiKTeX\fonts/pk/ljfour/jknappen/ec/dpi600\tcrm1
000.pk> <C:\Users\frecm\AppData\Local\MiKTeX\fonts/pk/ljfour/jknappen/ec/dpi600
\ecrm1000.pk> <C:\Users\frecm\AppData\Local\MiKTeX\fonts/pk/ljfour/jknappen/ec/
dpi600\ecti1200.pk> <C:\Users\frecm\AppData\Local\MiKTeX\fonts/pk/ljfour/jknapp
en/ec/dpi600\ecti1728.pk> <C:\Users\frecm\AppData\Local\MiKTeX\fonts/pk/ljfour/
jknappen/ec/dpi600\ecbx2074.pk><C:/Users/frecm/AppData/Local/Programs/MiKTeX/fo
nts/type1/public/amsfonts/cm/cmex10.pfb><C:/Users/frecm/AppData/Local/Programs/
MiKTeX/fonts/type1/public/amsfonts/cm/cmmi10.pfb><C:/Users/frecm/AppData/Local/
Programs/MiKTeX/fonts/type1/public/amsfonts/cm/cmmi7.pfb><C:/Users/frecm/AppDat
a/Local/Programs/MiKTeX/fonts/type1/public/amsfonts/cm/cmr10.pfb><C:/Users/frec
m/AppData/Local/Programs/MiKTeX/fonts/type1/public/amsfonts/cm/cmr7.pfb><C:/Use
rs/frecm/AppData/Local/Programs/MiKTeX/fonts/type1/public/amsfonts/cm/cmsy10.pf
b>
Output written on report.pdf (30 pages, 1061988 bytes).
PDF statistics:
 623 PDF objects out of 1000 (max. 8388607)
 0 named destinations out of 1000 (max. 500000)
 96 words of extra memory for PDF output out of 10000 (max. 10000000)

